build/outputs/logs/manifest-merger-debug-report.txt
-- Merging decision tree log ---
manifest
ADDED from vinod-simplelogic-anchor_metal-6ae9ab597537\AndroidManifest.xml:2:1-659:12
INJECTED from vinod-simplelogic-anchor_metal-6ae9ab597537\AndroidManifest.xml:2:1-659:12
INJECTED from vinod-simplelogic-anchor_metal-6ae9ab597537\AndroidManifest.xml:2:1-659:12
INJECTED from vinod-simplelogic-anchor_metal-6ae9ab597537\AndroidManifest.xml:2:1-659:12
MERGED from [com.android.support:multidex:1.0.2] AndroidManifest.xml:17:1-22:12
MERGED from [com.android.support.constraint:constraint-layout:1.1.0] AndroidManifest.xml:2:1-11:12
MERGED from [:imageResizer] AndroidManifest.xml:2:1-5:12
MERGED from [:LibAndroidCrop] AndroidManifest.xml:2:1-7:12
MERGED from [com.karumi:dexter:4.2.0] AndroidManifest.xml:17:1-32:12
MERGED from [com.android.support:design:28.0.0] AndroidManifest.xml:17:1-24:12
MERGED from [com.github.uin3566:AllAngleExpandableButton:v1.2.0] AndroidManifest.xml:2:1-16:12
MERGED from [com.github.felixsoares:ImageZoom:1.0] AndroidManifest.xml:2:1-11:12
MERGED from [com.android.support:appcompat-v7:28.0.0] AndroidManifest.xml:17:1-22:12
MERGED from [com.android.support:animated-vector-drawable:28.0.0] AndroidManifest.xml:17:1-22:12
MERGED from [com.android.support:support-vector-drawable:28.0.0] AndroidManifest.xml:17:1-22:12
MERGED from [com.android.support:cardview-v7:28.0.0] AndroidManifest.xml:17:1-22:12
MERGED from [com.github.sharish:ShimmerRecyclerView:v1.3] AndroidManifest.xml:18:1-28:12
MERGED from [com.android.support:recyclerview-v7:28.0.0] AndroidManifest.xml:17:1-22:12
MERGED from [android.arch.persistence.room:guava:1.1.0] AndroidManifest.xml:17:1-22:12
MERGED from [com.android.support:gridlayout-v7:28.0.0] AndroidManifest.xml:17:1-22:12
MERGED from [com.wdullaer:materialdatetimepicker:2.3.0] AndroidManifest.xml:17:1-30:12
MERGED from [com.google.android.gms:play-services-location:16.0.0] AndroidManifest.xml:2:1-9:12
MERGED from [com.google.android.gms:play-services-maps:16.0.0] AndroidManifest.xml:17:1-32:12
MERGED from [com.google.android.gms:play-services-auth:16.0.0] AndroidManifest.xml:17:1-39:12
MERGED from [com.google.firebase:firebase-messaging:17.4.0] AndroidManifest.xml:17:1-37:12
MERGED from [com.google.android.gms:play-services-auth-api-phone:15.0.1] AndroidManifest.xml:2:1-7:12
MERGED from [com.google.android.gms:play-services-auth-base:15.1.0] AndroidManifest.xml:2:1-7:12
MERGED from [com.google.firebase:firebase-core:16.0.7] AndroidManifest.xml:2:1-9:12
MERGED from [com.google.firebase:firebase-measurement-connector-impl:17.0.5] AndroidManifest.xml:17:1-34:12
MERGED from [com.google.firebase:firebase-analytics:16.3.0] AndroidManifest.xml:17:1-55:12
MERGED from [com.google.android.gms:play-services-measurement-api:16.3.0] AndroidManifest.xml:17:1-25:12
MERGED from [com.google.firebase:firebase-analytics-impl:16.3.0] AndroidManifest.xml:17:1-40:12
MERGED from [com.google.firebase:firebase-iid:17.1.0] AndroidManifest.xml:17:1-59:12
MERGED from [com.google.firebase:firebase-iid-interop:16.0.1] AndroidManifest.xml:2:1-10:12
MERGED from [com.google.android.gms:play-services-base:16.0.1] AndroidManifest.xml:17:1-29:12
MERGED from [com.google.android.gms:play-services-places-placereport:16.0.0] AndroidManifest.xml:17:1-24:12
MERGED from [com.google.firebase:firebase-common:16.0.3] AndroidManifest.xml:2:1-17:12
MERGED from [com.google.android.gms:play-services-tasks:16.0.1] AndroidManifest.xml:2:1-9:12
MERGED from [com.google.firebase:firebase-measurement-connector:17.0.1] AndroidManifest.xml:17:1-25:12
MERGED from [com.google.android.gms:play-services-measurement-base:16.3.0] AndroidManifest.xml:2:1-9:12
MERGED from [com.google.android.gms:play-services-stats:16.0.1] AndroidManifest.xml:2:1-9:12
MERGED from [com.google.android.gms:play-services-ads-identifier:16.0.0] AndroidManifest.xml:17:1-24:12
MERGED from [com.google.android.gms:play-services-basement:16.0.1] AndroidManifest.xml:17:1-28:12
MERGED from [com.android.support:support-v4:28.0.0] AndroidManifest.xml:17:1-22:12
MERGED from [android.arch.persistence.room:rxjava2:1.1.0] AndroidManifest.xml:17:1-22:12
MERGED from [android.arch.persistence.room:runtime:1.1.0] AndroidManifest.xml:17:1-22:12
MERGED from [com.github.bumptech.glide:glide:4.6.1] AndroidManifest.xml:2:1-13:12
MERGED from [com.android.support:support-fragment:28.0.0] AndroidManifest.xml:17:1-22:12
MERGED from [com.android.support:support-core-ui:28.0.0] AndroidManifest.xml:17:1-22:12
MERGED from [com.android.support:support-core-utils:28.0.0] AndroidManifest.xml:17:1-22:12
MERGED from [com.android.support:transition:28.0.0] AndroidManifest.xml:17:1-22:12
MERGED from [com.android.support:support-media-compat:28.0.0] AndroidManifest.xml:17:1-22:12
MERGED from [com.android.support:loader:28.0.0] AndroidManifest.xml:17:1-22:12
MERGED from [com.android.support:viewpager:28.0.0] AndroidManifest.xml:17:1-22:12
MERGED from [com.android.support:coordinatorlayout:28.0.0] AndroidManifest.xml:17:1-22:12
MERGED from [com.android.support:drawerlayout:28.0.0] AndroidManifest.xml:17:1-22:12
MERGED from [com.android.support:slidingpanelayout:28.0.0] AndroidManifest.xml:17:1-22:12
MERGED from [com.android.support:customview:28.0.0] AndroidManifest.xml:17:1-22:12
MERGED from [com.android.support:swiperefreshlayout:28.0.0] AndroidManifest.xml:17:1-22:12
MERGED from [com.android.support:asynclayoutinflater:28.0.0] AndroidManifest.xml:17:1-22:12
MERGED from [com.android.support:support-compat:28.0.0] AndroidManifest.xml:17:1-24:12
MERGED from [com.android.support:versionedparcelable:28.0.0] AndroidManifest.xml:17:1-25:12
MERGED from [com.android.support:cursoradapter:28.0.0] AndroidManifest.xml:17:1-22:12
MERGED from [com.github.bumptech.glide:gifdecoder:4.6.1] AndroidManifest.xml:2:1-11:12
MERGED from [android.arch.persistence:db-framework:1.1.0] AndroidManifest.xml:17:1-22:12
MERGED from [android.arch.persistence:db:1.1.0] AndroidManifest.xml:17:1-22:12
MERGED from [android.arch.lifecycle:livedata:1.1.1] AndroidManifest.xml:17:1-22:12
MERGED from [android.arch.lifecycle:livedata-core:1.1.1] AndroidManifest.xml:17:1-22:12
MERGED from [android.arch.core:runtime:1.1.1] AndroidManifest.xml:17:1-22:12
MERGED from [android.arch.lifecycle:runtime:1.1.1] AndroidManifest.xml:17:1-22:12
MERGED from [com.android.support:documentfile:28.0.0] AndroidManifest.xml:17:1-22:12
MERGED from [com.android.support:localbroadcastmanager:28.0.0] AndroidManifest.xml:17:1-22:12
MERGED from [com.android.support:print:28.0.0] AndroidManifest.xml:17:1-22:12
MERGED from [android.arch.lifecycle:viewmodel:1.1.1] AndroidManifest.xml:17:1-22:12
MERGED from [com.android.support:interpolator:28.0.0] AndroidManifest.xml:17:1-22:12
MERGED from [com.mcxiaoke.volley:library-aar:1.0.0] AndroidManifest.xml:1:70-7:12
MERGED from [cn.jzvd:jiaozivideoplayer:6.3.1] AndroidManifest.xml:2:1-13:12
MERGED from [com.crashlytics.sdk.android:crashlytics:2.9.9] AndroidManifest.xml:2:1-19:12
MERGED from [com.ramotion.foldingcell:folding-cell:1.2.2] AndroidManifest.xml:2:1-12:12
MERGED from [com.toptoche.searchablespinner:searchablespinnerlibrary:1.3.1] AndroidManifest.xml:2:1-17:12
MERGED from [io.reactivex.rxjava2:rxandroid:2.0.1] AndroidManifest.xml:15:1-21:12
MERGED from [com.sdsmdg.harjot:longshadows:1.0.1] AndroidManifest.xml:2:1-11:12
MERGED from [io.supercharge:shimmerlayout:2.1.0] AndroidManifest.xml:2:1-14:12
MERGED from [com.crashlytics.sdk.android:crashlytics-core:2.6.8] AndroidManifest.xml:45:1-56:12
MERGED from [com.crashlytics.sdk.android:answers:1.4.7] AndroidManifest.xml:2:1-13:12
MERGED from [io.fabric.sdk.android:fabric:1.4.8] AndroidManifest.xml:22:1-33:12
MERGED from [com.crashlytics.sdk.android:beta:1.2.10] AndroidManifest.xml:2:1-13:12
INJECTED from vinod-simplelogic-anchor_metal-6ae9ab597537\AndroidManifest.xml:2:1-659:12
INJECTED from vinod-simplelogic-anchor_metal-6ae9ab597537\AndroidManifest.xml:2:1-659:12
INJECTED from vinod-simplelogic-anchor_metal-6ae9ab597537\AndroidManifest.xml:2:1-659:12
	package
		ADDED from vinod-simplelogic-anchor_metal-6ae9ab597537\AndroidManifest.xml:4:5-36
		INJECTED from vinod-simplelogic-anchor_metal-6ae9ab597537\AndroidManifest.xml
		INJECTED from vinod-simplelogic-anchor_metal-6ae9ab597537\AndroidManifest.xml
	android:versionName
		INJECTED from vinod-simplelogic-anchor_metal-6ae9ab597537\AndroidManifest.xml
		ADDED from vinod-simplelogic-anchor_metal-6ae9ab597537\AndroidManifest.xml:2:1-659:12
		INJECTED from vinod-simplelogic-anchor_metal-6ae9ab597537\AndroidManifest.xml
	xmlns:tools
		ADDED from vinod-simplelogic-anchor_metal-6ae9ab597537\AndroidManifest.xml:3:5-51
	android:versionCode
		INJECTED from vinod-simplelogic-anchor_metal-6ae9ab597537\AndroidManifest.xml
		ADDED from vinod-simplelogic-anchor_metal-6ae9ab597537\AndroidManifest.xml:2:1-659:12
		INJECTED from vinod-simplelogic-anchor_metal-6ae9ab597537\AndroidManifest.xml
	xmlns:android
		ADDED from vinod-simplelogic-anchor_metal-6ae9ab597537\AndroidManifest.xml:2:11-69
uses-permission#android.permission.INTERNET
ADDED from vinod-simplelogic-anchor_metal-6ae9ab597537\AndroidManifest.xml:8:5-67
MERGED from [com.google.android.gms:play-services-maps:16.0.0] AndroidManifest.xml:24:5-67
MERGED from [com.google.android.gms:play-services-maps:16.0.0] AndroidManifest.xml:24:5-67
MERGED from [com.google.firebase:firebase-measurement-connector-impl:17.0.5] AndroidManifest.xml:22:5-67
MERGED from [com.google.firebase:firebase-measurement-connector-impl:17.0.5] AndroidManifest.xml:22:5-67
MERGED from [com.google.firebase:firebase-analytics:16.3.0] AndroidManifest.xml:23:5-67
MERGED from [com.google.firebase:firebase-analytics:16.3.0] AndroidManifest.xml:23:5-67
MERGED from [com.google.firebase:firebase-analytics-impl:16.3.0] AndroidManifest.xml:23:5-67
MERGED from [com.google.firebase:firebase-analytics-impl:16.3.0] AndroidManifest.xml:23:5-67
MERGED from [com.google.firebase:firebase-iid:17.1.0] AndroidManifest.xml:23:5-67
MERGED from [com.google.firebase:firebase-iid:17.1.0] AndroidManifest.xml:23:5-67
MERGED from [com.crashlytics.sdk.android:crashlytics:2.9.9] AndroidManifest.xml:9:5-67
MERGED from [com.crashlytics.sdk.android:crashlytics:2.9.9] AndroidManifest.xml:9:5-67
MERGED from [com.crashlytics.sdk.android:crashlytics-core:2.6.8] AndroidManifest.xml:52:5-67
MERGED from [com.crashlytics.sdk.android:crashlytics-core:2.6.8] AndroidManifest.xml:52:5-67
MERGED from [com.crashlytics.sdk.android:answers:1.4.7] AndroidManifest.xml:9:5-67
MERGED from [com.crashlytics.sdk.android:answers:1.4.7] AndroidManifest.xml:9:5-67
MERGED from [io.fabric.sdk.android:fabric:1.4.8] AndroidManifest.xml:29:5-67
MERGED from [io.fabric.sdk.android:fabric:1.4.8] AndroidManifest.xml:29:5-67
MERGED from [com.crashlytics.sdk.android:beta:1.2.10] AndroidManifest.xml:9:5-67
MERGED from [com.crashlytics.sdk.android:beta:1.2.10] AndroidManifest.xml:9:5-67
	android:name
		ADDED from vinod-simplelogic-anchor_metal-6ae9ab597537\AndroidManifest.xml:8:22-64
supports-screens
ADDED from vinod-simplelogic-anchor_metal-6ae9ab597537\AndroidManifest.xml:10:5-15:39
	android:largeScreens
		ADDED from vinod-simplelogic-anchor_metal-6ae9ab597537\AndroidManifest.xml:12:9-36
	android:smallScreens
		ADDED from vinod-simplelogic-anchor_metal-6ae9ab597537\AndroidManifest.xml:15:9-36
	android:normalScreens
		ADDED from vinod-simplelogic-anchor_metal-6ae9ab597537\AndroidManifest.xml:13:9-37
	android:resizeable
		ADDED from vinod-simplelogic-anchor_metal-6ae9ab597537\AndroidManifest.xml:14:9-34
	android:anyDensity
		ADDED from vinod-simplelogic-anchor_metal-6ae9ab597537\AndroidManifest.xml:11:9-34
uses-permission#android.permission.ACCESS_NETWORK_STATE
ADDED from vinod-simplelogic-anchor_metal-6ae9ab597537\AndroidManifest.xml:17:5-18:46
MERGED from [com.google.android.gms:play-services-maps:16.0.0] AndroidManifest.xml:23:5-79
MERGED from [com.google.android.gms:play-services-maps:16.0.0] AndroidManifest.xml:23:5-79
MERGED from [com.google.firebase:firebase-measurement-connector-impl:17.0.5] AndroidManifest.xml:23:5-79
MERGED from [com.google.firebase:firebase-measurement-connector-impl:17.0.5] AndroidManifest.xml:23:5-79
MERGED from [com.google.firebase:firebase-analytics:16.3.0] AndroidManifest.xml:24:5-79
MERGED from [com.google.firebase:firebase-analytics:16.3.0] AndroidManifest.xml:24:5-79
MERGED from [com.google.firebase:firebase-analytics-impl:16.3.0] AndroidManifest.xml:24:5-79
MERGED from [com.google.firebase:firebase-analytics-impl:16.3.0] AndroidManifest.xml:24:5-79
MERGED from [com.google.firebase:firebase-iid:17.1.0] AndroidManifest.xml:22:5-79
MERGED from [com.google.firebase:firebase-iid:17.1.0] AndroidManifest.xml:22:5-79
MERGED from [cn.jzvd:jiaozivideoplayer:6.3.1] AndroidManifest.xml:11:5-79
MERGED from [cn.jzvd:jiaozivideoplayer:6.3.1] AndroidManifest.xml:11:5-79
	android:protectionLevel
		ADDED from vinod-simplelogic-anchor_metal-6ae9ab597537\AndroidManifest.xml:18:9-44
	android:name
		ADDED from vinod-simplelogic-anchor_metal-6ae9ab597537\AndroidManifest.xml:17:22-76
uses-permission#com.google.android.providers.gsf.permission.READ_GSERVICES
ADDED from vinod-simplelogic-anchor_metal-6ae9ab597537\AndroidManifest.xml:19:5-20:46
	android:protectionLevel
		ADDED from vinod-simplelogic-anchor_metal-6ae9ab597537\AndroidManifest.xml:20:9-44
	android:name
		ADDED from vinod-simplelogic-anchor_metal-6ae9ab597537\AndroidManifest.xml:19:22-95
uses-permission#android.permission.ACCESS_COARSE_LOCATION
ADDED from vinod-simplelogic-anchor_metal-6ae9ab597537\AndroidManifest.xml:21:5-22:46
	android:protectionLevel
		ADDED from vinod-simplelogic-anchor_metal-6ae9ab597537\AndroidManifest.xml:22:9-44
	android:name
		ADDED from vinod-simplelogic-anchor_metal-6ae9ab597537\AndroidManifest.xml:21:22-78
uses-permission#android.permission.ACCESS_FINE_LOCATION
ADDED from vinod-simplelogic-anchor_metal-6ae9ab597537\AndroidManifest.xml:23:5-24:46
	android:protectionLevel
		ADDED from vinod-simplelogic-anchor_metal-6ae9ab597537\AndroidManifest.xml:24:9-44
	android:name
		ADDED from vinod-simplelogic-anchor_metal-6ae9ab597537\AndroidManifest.xml:23:22-76
uses-permission#android.location.GPS_ENABLED_CHANGE
ADDED from vinod-simplelogic-anchor_metal-6ae9ab597537\AndroidManifest.xml:25:5-26:46
	android:protectionLevel
		ADDED from vinod-simplelogic-anchor_metal-6ae9ab597537\AndroidManifest.xml:26:9-44
	android:name
		ADDED from vinod-simplelogic-anchor_metal-6ae9ab597537\AndroidManifest.xml:25:22-72
uses-feature#0x00020000
ADDED from vinod-simplelogic-anchor_metal-6ae9ab597537\AndroidManifest.xml:29:5-31:35
MERGED from [com.google.android.gms:play-services-maps:16.0.0] AndroidManifest.xml:26:5-28:35
MERGED from [com.google.android.gms:play-services-maps:16.0.0] AndroidManifest.xml:26:5-28:35
	android:glEsVersion
		ADDED from vinod-simplelogic-anchor_metal-6ae9ab597537\AndroidManifest.xml:30:9-41
	android:required
		ADDED from vinod-simplelogic-anchor_metal-6ae9ab597537\AndroidManifest.xml:31:9-32
uses-permission#android.permission.RECEIVE_BOOT_COMPLETED
ADDED from vinod-simplelogic-anchor_metal-6ae9ab597537\AndroidManifest.xml:33:5-34:46
	android:protectionLevel
		ADDED from vinod-simplelogic-anchor_metal-6ae9ab597537\AndroidManifest.xml:34:9-44
	android:name
		ADDED from vinod-simplelogic-anchor_metal-6ae9ab597537\AndroidManifest.xml:33:22-78
uses-permission#android.permission.WRITE_EXTERNAL_STORAGE
ADDED from vinod-simplelogic-anchor_metal-6ae9ab597537\AndroidManifest.xml:35:5-36:46
	android:protectionLevel
		ADDED from vinod-simplelogic-anchor_metal-6ae9ab597537\AndroidManifest.xml:36:9-44
	android:name
		ADDED from vinod-simplelogic-anchor_metal-6ae9ab597537\AndroidManifest.xml:35:22-78
uses-permission#android.permission.READ_EXTERNAL_STORAGE
ADDED from vinod-simplelogic-anchor_metal-6ae9ab597537\AndroidManifest.xml:37:5-38:46
	android:protectionLevel
		ADDED from vinod-simplelogic-anchor_metal-6ae9ab597537\AndroidManifest.xml:38:9-44
	android:name
		ADDED from vinod-simplelogic-anchor_metal-6ae9ab597537\AndroidManifest.xml:37:22-77
uses-permission#android.permission.READ_PHONE_STATE
ADDED from vinod-simplelogic-anchor_metal-6ae9ab597537\AndroidManifest.xml:39:5-40:46
	android:protectionLevel
		ADDED from vinod-simplelogic-anchor_metal-6ae9ab597537\AndroidManifest.xml:40:9-44
	android:name
		ADDED from vinod-simplelogic-anchor_metal-6ae9ab597537\AndroidManifest.xml:39:22-72
uses-feature#android.hardware.camera
ADDED from vinod-simplelogic-anchor_metal-6ae9ab597537\AndroidManifest.xml:42:5-43:46
	android:protectionLevel
		ADDED from vinod-simplelogic-anchor_metal-6ae9ab597537\AndroidManifest.xml:43:9-44
	android:name
		ADDED from vinod-simplelogic-anchor_metal-6ae9ab597537\AndroidManifest.xml:42:19-57
uses-permission#android.permission.CAMERA
ADDED from vinod-simplelogic-anchor_metal-6ae9ab597537\AndroidManifest.xml:45:5-46:46
	android:protectionLevel
		ADDED from vinod-simplelogic-anchor_metal-6ae9ab597537\AndroidManifest.xml:46:9-44
	android:name
		ADDED from vinod-simplelogic-anchor_metal-6ae9ab597537\AndroidManifest.xml:45:22-62
uses-permission#android.permission.CALL_PHONE
ADDED from vinod-simplelogic-anchor_metal-6ae9ab597537\AndroidManifest.xml:47:5-48:46
	android:protectionLevel
		ADDED from vinod-simplelogic-anchor_metal-6ae9ab597537\AndroidManifest.xml:48:9-44
	android:name
		ADDED from vinod-simplelogic-anchor_metal-6ae9ab597537\AndroidManifest.xml:47:22-66
uses-permission#android.permission.WAKE_LOCK
ADDED from vinod-simplelogic-anchor_metal-6ae9ab597537\AndroidManifest.xml:50:5-51:46
MERGED from [com.google.firebase:firebase-measurement-connector-impl:17.0.5] AndroidManifest.xml:24:5-68
MERGED from [com.google.firebase:firebase-measurement-connector-impl:17.0.5] AndroidManifest.xml:24:5-68
MERGED from [com.google.firebase:firebase-analytics:16.3.0] AndroidManifest.xml:25:5-68
MERGED from [com.google.firebase:firebase-analytics:16.3.0] AndroidManifest.xml:25:5-68
MERGED from [com.google.firebase:firebase-analytics-impl:16.3.0] AndroidManifest.xml:25:5-68
MERGED from [com.google.firebase:firebase-analytics-impl:16.3.0] AndroidManifest.xml:25:5-68
MERGED from [com.google.firebase:firebase-iid:17.1.0] AndroidManifest.xml:24:5-68
MERGED from [com.google.firebase:firebase-iid:17.1.0] AndroidManifest.xml:24:5-68
	android:protectionLevel
		ADDED from vinod-simplelogic-anchor_metal-6ae9ab597537\AndroidManifest.xml:51:9-44
	android:name
		ADDED from vinod-simplelogic-anchor_metal-6ae9ab597537\AndroidManifest.xml:50:22-65
uses-permission#android.permission.ACCESS_WIFI_STATE
ADDED from vinod-simplelogic-anchor_metal-6ae9ab597537\AndroidManifest.xml:52:5-53:46
	android:protectionLevel
		ADDED from vinod-simplelogic-anchor_metal-6ae9ab597537\AndroidManifest.xml:53:9-44
	android:name
		ADDED from vinod-simplelogic-anchor_metal-6ae9ab597537\AndroidManifest.xml:52:22-73
uses-permission#android.permission.RECORD_AUDIO
ADDED from vinod-simplelogic-anchor_metal-6ae9ab597537\AndroidManifest.xml:55:5-56:46
	android:protectionLevel
		ADDED from vinod-simplelogic-anchor_metal-6ae9ab597537\AndroidManifest.xml:56:9-44
	android:name
		ADDED from vinod-simplelogic-anchor_metal-6ae9ab597537\AndroidManifest.xml:55:22-68
uses-permission#cpm.simplelogic.helper.DataProvider.READ_DATABASE
ADDED from vinod-simplelogic-anchor_metal-6ae9ab597537\AndroidManifest.xml:57:5-124
	android:protectionLevel
		ADDED from vinod-simplelogic-anchor_metal-6ae9ab597537\AndroidManifest.xml:57:87-122
	android:name
		ADDED from vinod-simplelogic-anchor_metal-6ae9ab597537\AndroidManifest.xml:57:22-86
uses-permission#cpm.simplelogic.helper.DataProvider.WRITE_DATABASE
ADDED from vinod-simplelogic-anchor_metal-6ae9ab597537\AndroidManifest.xml:58:5-125
	android:protectionLevel
		ADDED from vinod-simplelogic-anchor_metal-6ae9ab597537\AndroidManifest.xml:58:88-123
	android:name
		ADDED from vinod-simplelogic-anchor_metal-6ae9ab597537\AndroidManifest.xml:58:22-87
application
ADDED from vinod-simplelogic-anchor_metal-6ae9ab597537\AndroidManifest.xml:60:5-657:19
MERGED from [com.android.support.constraint:constraint-layout:1.1.0] AndroidManifest.xml:9:5-20
MERGED from [com.android.support.constraint:constraint-layout:1.1.0] AndroidManifest.xml:9:5-20
MERGED from [:LibAndroidCrop] AndroidManifest.xml:5:5-47
MERGED from [:LibAndroidCrop] AndroidManifest.xml:5:5-47
MERGED from [com.karumi:dexter:4.2.0] AndroidManifest.xml:26:5-30:19
MERGED from [com.karumi:dexter:4.2.0] AndroidManifest.xml:26:5-30:19
MERGED from [com.android.support:design:28.0.0] AndroidManifest.xml:22:5-20
MERGED from [com.android.support:design:28.0.0] AndroidManifest.xml:22:5-20
MERGED from [com.github.uin3566:AllAngleExpandableButton:v1.2.0] AndroidManifest.xml:11:5-14:19
MERGED from [com.github.uin3566:AllAngleExpandableButton:v1.2.0] AndroidManifest.xml:11:5-14:19
MERGED from [com.wdullaer:materialdatetimepicker:2.3.0] AndroidManifest.xml:28:5-20
MERGED from [com.wdullaer:materialdatetimepicker:2.3.0] AndroidManifest.xml:28:5-20
MERGED from [com.google.android.gms:play-services-location:16.0.0] AndroidManifest.xml:7:5-20
MERGED from [com.google.android.gms:play-services-location:16.0.0] AndroidManifest.xml:7:5-20
MERGED from [com.google.android.gms:play-services-maps:16.0.0] AndroidManifest.xml:30:5-20
MERGED from [com.google.android.gms:play-services-maps:16.0.0] AndroidManifest.xml:30:5-20
MERGED from [com.google.android.gms:play-services-auth:16.0.0] AndroidManifest.xml:22:5-37:19
MERGED from [com.google.android.gms:play-services-auth:16.0.0] AndroidManifest.xml:22:5-37:19
MERGED from [com.google.firebase:firebase-messaging:17.4.0] AndroidManifest.xml:22:5-35:19
MERGED from [com.google.firebase:firebase-messaging:17.4.0] AndroidManifest.xml:22:5-35:19
MERGED from [com.google.firebase:firebase-core:16.0.7] AndroidManifest.xml:7:5-20
MERGED from [com.google.firebase:firebase-core:16.0.7] AndroidManifest.xml:7:5-20
MERGED from [com.google.firebase:firebase-measurement-connector-impl:17.0.5] AndroidManifest.xml:26:5-32:19
MERGED from [com.google.firebase:firebase-measurement-connector-impl:17.0.5] AndroidManifest.xml:26:5-32:19
MERGED from [com.google.firebase:firebase-analytics:16.3.0] AndroidManifest.xml:28:5-53:19
MERGED from [com.google.firebase:firebase-analytics:16.3.0] AndroidManifest.xml:28:5-53:19
MERGED from [com.google.android.gms:play-services-measurement-api:16.3.0] AndroidManifest.xml:22:5-23:19
MERGED from [com.google.android.gms:play-services-measurement-api:16.3.0] AndroidManifest.xml:22:5-23:19
MERGED from [com.google.firebase:firebase-analytics-impl:16.3.0] AndroidManifest.xml:28:5-38:19
MERGED from [com.google.firebase:firebase-analytics-impl:16.3.0] AndroidManifest.xml:28:5-38:19
MERGED from [com.google.firebase:firebase-iid:17.1.0] AndroidManifest.xml:28:5-57:19
MERGED from [com.google.firebase:firebase-iid:17.1.0] AndroidManifest.xml:28:5-57:19
MERGED from [com.google.firebase:firebase-iid-interop:16.0.1] AndroidManifest.xml:7:5-8:19
MERGED from [com.google.firebase:firebase-iid-interop:16.0.1] AndroidManifest.xml:7:5-8:19
MERGED from [com.google.android.gms:play-services-base:16.0.1] AndroidManifest.xml:22:5-27:19
MERGED from [com.google.android.gms:play-services-base:16.0.1] AndroidManifest.xml:22:5-27:19
MERGED from [com.google.android.gms:play-services-places-placereport:16.0.0] AndroidManifest.xml:22:5-20
MERGED from [com.google.android.gms:play-services-places-placereport:16.0.0] AndroidManifest.xml:22:5-20
MERGED from [com.google.firebase:firebase-common:16.0.3] AndroidManifest.xml:9:5-15:19
MERGED from [com.google.firebase:firebase-common:16.0.3] AndroidManifest.xml:9:5-15:19
MERGED from [com.google.android.gms:play-services-tasks:16.0.1] AndroidManifest.xml:7:5-20
MERGED from [com.google.android.gms:play-services-tasks:16.0.1] AndroidManifest.xml:7:5-20
MERGED from [com.google.firebase:firebase-measurement-connector:17.0.1] AndroidManifest.xml:22:5-23:19
MERGED from [com.google.firebase:firebase-measurement-connector:17.0.1] AndroidManifest.xml:22:5-23:19
MERGED from [com.google.android.gms:play-services-measurement-base:16.3.0] AndroidManifest.xml:7:5-20
MERGED from [com.google.android.gms:play-services-measurement-base:16.3.0] AndroidManifest.xml:7:5-20
MERGED from [com.google.android.gms:play-services-stats:16.0.1] AndroidManifest.xml:7:5-20
MERGED from [com.google.android.gms:play-services-stats:16.0.1] AndroidManifest.xml:7:5-20
MERGED from [com.google.android.gms:play-services-ads-identifier:16.0.0] AndroidManifest.xml:22:5-20
MERGED from [com.google.android.gms:play-services-ads-identifier:16.0.0] AndroidManifest.xml:22:5-20
MERGED from [com.google.android.gms:play-services-basement:16.0.1] AndroidManifest.xml:22:5-26:19
MERGED from [com.google.android.gms:play-services-basement:16.0.1] AndroidManifest.xml:22:5-26:19
MERGED from [com.github.bumptech.glide:glide:4.6.1] AndroidManifest.xml:11:5-20
MERGED from [com.github.bumptech.glide:glide:4.6.1] AndroidManifest.xml:11:5-20
MERGED from [com.android.support:support-compat:28.0.0] AndroidManifest.xml:22:5-94
MERGED from [com.android.support:support-compat:28.0.0] AndroidManifest.xml:22:5-94
MERGED from [com.android.support:versionedparcelable:28.0.0] AndroidManifest.xml:22:5-23:19
MERGED from [com.android.support:versionedparcelable:28.0.0] AndroidManifest.xml:22:5-23:19
MERGED from [com.github.bumptech.glide:gifdecoder:4.6.1] AndroidManifest.xml:9:5-20
MERGED from [com.github.bumptech.glide:gifdecoder:4.6.1] AndroidManifest.xml:9:5-20
MERGED from [com.mcxiaoke.volley:library-aar:1.0.0] AndroidManifest.xml:5:5-19
MERGED from [com.mcxiaoke.volley:library-aar:1.0.0] AndroidManifest.xml:5:5-19
MERGED from [com.crashlytics.sdk.android:crashlytics:2.9.9] AndroidManifest.xml:11:5-17:19
MERGED from [com.crashlytics.sdk.android:crashlytics:2.9.9] AndroidManifest.xml:11:5-17:19
MERGED from [com.toptoche.searchablespinner:searchablespinnerlibrary:1.3.1] AndroidManifest.xml:11:5-15:19
MERGED from [com.toptoche.searchablespinner:searchablespinnerlibrary:1.3.1] AndroidManifest.xml:11:5-15:19
MERGED from [io.supercharge:shimmerlayout:2.1.0] AndroidManifest.xml:12:5-20
MERGED from [io.supercharge:shimmerlayout:2.1.0] AndroidManifest.xml:12:5-20
MERGED from [com.crashlytics.sdk.android:crashlytics-core:2.6.8] AndroidManifest.xml:54:5-20
MERGED from [com.crashlytics.sdk.android:crashlytics-core:2.6.8] AndroidManifest.xml:54:5-20
MERGED from [com.crashlytics.sdk.android:answers:1.4.7] AndroidManifest.xml:11:5-20
MERGED from [com.crashlytics.sdk.android:answers:1.4.7] AndroidManifest.xml:11:5-20
MERGED from [io.fabric.sdk.android:fabric:1.4.8] AndroidManifest.xml:31:5-20
MERGED from [io.fabric.sdk.android:fabric:1.4.8] AndroidManifest.xml:31:5-20
MERGED from [com.crashlytics.sdk.android:beta:1.2.10] AndroidManifest.xml:11:5-20
MERGED from [com.crashlytics.sdk.android:beta:1.2.10] AndroidManifest.xml:11:5-20
	android:appComponentFactory
		ADDED from [com.android.support:support-compat:28.0.0] AndroidManifest.xml:22:18-91
	android:supportsRtl
		ADDED from vinod-simplelogic-anchor_metal-6ae9ab597537\AndroidManifest.xml:67:9-35
	android:label
		ADDED from vinod-simplelogic-anchor_metal-6ae9ab597537\AndroidManifest.xml:65:9-41
	android:hardwareAccelerated
		ADDED from vinod-simplelogic-anchor_metal-6ae9ab597537\AndroidManifest.xml:63:9-44
	android:largeHeap
		ADDED from vinod-simplelogic-anchor_metal-6ae9ab597537\AndroidManifest.xml:66:9-33
	android:icon
		ADDED from vinod-simplelogic-anchor_metal-6ae9ab597537\AndroidManifest.xml:64:9-45
	android:allowBackup
		ADDED from vinod-simplelogic-anchor_metal-6ae9ab597537\AndroidManifest.xml:62:9-35
	android:theme
		ADDED from vinod-simplelogic-anchor_metal-6ae9ab597537\AndroidManifest.xml:68:9-40
	tools:replace
		ADDED from vinod-simplelogic-anchor_metal-6ae9ab597537\AndroidManifest.xml:69:9-37
	android:name
		ADDED from vinod-simplelogic-anchor_metal-6ae9ab597537\AndroidManifest.xml:61:9-52
activity#com.anchor.activities.SplashScreenActivity
ADDED from vinod-simplelogic-anchor_metal-6ae9ab597537\AndroidManifest.xml:70:9-81:20
	android:screenOrientation
		ADDED from vinod-simplelogic-anchor_metal-6ae9ab597537\AndroidManifest.xml:74:13-49
	android:label
		ADDED from vinod-simplelogic-anchor_metal-6ae9ab597537\AndroidManifest.xml:72:13-45
	android:noHistory
		ADDED from vinod-simplelogic-anchor_metal-6ae9ab597537\AndroidManifest.xml:73:13-37
	android:theme
		ADDED from vinod-simplelogic-anchor_metal-6ae9ab597537\AndroidManifest.xml:75:13-60
	android:name
		ADDED from vinod-simplelogic-anchor_metal-6ae9ab597537\AndroidManifest.xml:71:13-49
intent-filter#action:name:android.intent.action.MAIN+category:name:android.intent.category.LAUNCHER
ADDED from vinod-simplelogic-anchor_metal-6ae9ab597537\AndroidManifest.xml:76:13-80:29
action#android.intent.action.MAIN
ADDED from vinod-simplelogic-anchor_metal-6ae9ab597537\AndroidManifest.xml:77:17-69
	android:name
		ADDED from vinod-simplelogic-anchor_metal-6ae9ab597537\AndroidManifest.xml:77:25-66
category#android.intent.category.LAUNCHER
ADDED from vinod-simplelogic-anchor_metal-6ae9ab597537\AndroidManifest.xml:79:17-77
	android:name
		ADDED from vinod-simplelogic-anchor_metal-6ae9ab597537\AndroidManifest.xml:79:27-74
activity#com.soundcloud.android.crop.CropImageActivity
ADDED from vinod-simplelogic-anchor_metal-6ae9ab597537\AndroidManifest.xml:82:9-85:52
	android:screenOrientation
		ADDED from vinod-simplelogic-anchor_metal-6ae9ab597537\AndroidManifest.xml:85:13-49
	android:label
		ADDED from vinod-simplelogic-anchor_metal-6ae9ab597537\AndroidManifest.xml:84:13-45
	android:name
		ADDED from vinod-simplelogic-anchor_metal-6ae9ab597537\AndroidManifest.xml:83:13-73
activity#com.anchor.activities.LoginActivity
ADDED from vinod-simplelogic-anchor_metal-6ae9ab597537\AndroidManifest.xml:93:9-97:63
	android:screenOrientation
		ADDED from vinod-simplelogic-anchor_metal-6ae9ab597537\AndroidManifest.xml:96:13-49
	android:label
		ADDED from vinod-simplelogic-anchor_metal-6ae9ab597537\AndroidManifest.xml:95:13-45
	android:theme